Arguments: 
  C:\Program Files\nodejs\node.exe C:\Users\dewae\scoop\apps\yarn\current\bin\yarn.js add react-router.dom

PATH: 
  C:\Python310\Scripts\;C:\Python310\;C:\WINDOWS\system32;C:\WINDOWS;C:\WINDOWS\System32\Wbem;C:\WINDOWS\System32\WindowsPowerShell\v1.0\;C:\WINDOWS\System32\OpenSSH\;C:\Program Files\Git\cmd;C:\Program Files\nodejs\;C:\ProgramData\chocolatey\bin;C:\xampp\php;C:\ProgramData\ComposerSetup\bin;C:\Program Files\Docker\Docker\resources\bin;C:\ProgramData\DockerDesktop\version-bin;C:\Program Files\MariaDB 10.8\bin;C:\Program Files (x86)\dotnet\;C:\Users\dewae\scoop\apps\nodejs\current\bin;C:\Users\dewae\scoop\apps\nodejs\current;C:\Users\dewae\scoop\apps\yarn\current\global\node_modules\.bin;C:\Users\dewae\scoop\apps\yarn\current\bin;C:\Users\dewae\scoop\shims;C:\Users\dewae\AppData\Local\Programs\Python\Python39\Scripts\;C:\Users\dewae\AppData\Local\Programs\Python\Python39\;C:\Users\dewae\AppData\Local\Microsoft\WindowsApps;C:\Users\dewae\AppData\Local\Programs\Microsoft VS Code\bin;C:\Users\dewae\AppData\Local\GitHubDesktop\bin;C:\Program Files\heroku\bin;C:\Users\dewae\AppData\Roaming\npm;C:\Users\dewae\AppData\Roaming\Composer\vendor\bin;C:\Program Files\MySQL\MySQL Server 8.0\bin;C:\wamp64\bin\mysql\mysql5.7.36\bin;;%USERPROFILE%\AppData\Local\Microsoft\WindowsApps

Yarn version: 
  1.22.18

Node version: 
  17.3.0

Platform: 
  win32 x64

Trace: 
  Error: https://registry.yarnpkg.com/react-router.dom: Not found
      at Request.params.callback [as _callback] (C:\Users\dewae\scoop\apps\yarn\1.22.18\lib\cli.js:66138:18)
      at Request.self.callback (C:\Users\dewae\scoop\apps\yarn\1.22.18\lib\cli.js:140883:22)
      at Request.emit (node:events:390:28)
      at Request.<anonymous> (C:\Users\dewae\scoop\apps\yarn\1.22.18\lib\cli.js:141855:10)
      at Request.emit (node:events:390:28)
      at IncomingMessage.<anonymous> (C:\Users\dewae\scoop\apps\yarn\1.22.18\lib\cli.js:141777:12)
      at Object.onceWrapper (node:events:509:28)
      at IncomingMessage.emit (node:events:402:35)
      at endReadableNT (node:internal/streams/readable:1343:12)
      at processTicksAndRejections (node:internal/process/task_queues:83:21)

npm manifest: 
  {
    "name": "frontend",
    "version": "0.1.0",
    "private": true,
    "dependencies": {
      "@testing-library/jest-dom": "^5.16.5",
      "@testing-library/react": "^13.4.0",
      "@testing-library/user-event": "^13.5.0",
      "node-sass": "^7.0.3",
      "react": "^18.2.0",
      "react-dom": "^18.2.0",
      "react-scripts": "5.0.1",
      "web-vitals": "^2.1.4"
    },
    "scripts": {
      "start": "react-scripts start",
      "build": "react-scripts build",
      "test": "react-scripts test",
      "eject": "react-scripts eject"
    },
    "eslintConfig": {
      "extends": [
        "react-app",
        "react-app/jest"
      ]
    },
    "browserslist": {
      "production": [
        ">0.2%",
        "not dead",
        "not op_mini all"
      ],
      "development": [
        "last 1 chrome version",
        "last 1 firefox version",
        "last 1 safari version"
      ]
    }
  }

yarn manifest: 
  No manifest

Lockfile: 
  No lockfile
